
ASEM-51 V1.3                                         Copyright (c) 2002 by W.W. Heinz                                         PAGE 1





       MCS-51 Family Macro Assembler   A S E M - 5 1   V 1.3
       =====================================================



	Source File:	prueba_timer.ASM
	Object File:	prueba_timer.hex
	List File:	prueba_timer.lst



 Line  I  Addr  Code            Source

    1:		N      0000			ORG 0000H
    2:	  0000	02 00 21			JMP _STARTUP
    3:
    4:		N      0003			ORG 03H		;VECTOR DE INTERRUPCION DE LA EXTERNA0
    5:	  0003	02 00 0E			JMP EXTERNA0
    6:
    7:		N      000B			ORG 0BH		;VECTOR DE INTERRUPCION DEL TIMER0
    8:	  000B	02 00 11			JMP TMR0
    9:
   10:	  000E	D2 A9		EXTERNA0:	SETB IE.1	;HABILITA TIMER0
   11:	  0010	32				RETI
   12:
   13:	  0011	09		TMR0:		INC R1
   14:	  0012	B9 0A 05			CJNE R1,#10,OUT
   15:	  0015	F4				CPL A
   16:	  0016	F5 A0				MOV P2,A
   17:	  0018	79 00				MOV R1,#0
   18:
   19:	  001A	75 8A B0	OUT:		MOV TL0,#0B0H
   20:	  001D	75 8C 3C			MOV TH0,#3CH
   21:
   22:	  0020	32				RETI
   23:
   24:	  0021	75 A0 00	_STARTUP:	MOV P2,#0		;CONDICIONES INICIALES = APAGADO DE LEDS AL PRINCIPIO
   25:	  0024	79 00				MOV R1,#0		;REGISTRO QUE SE VA A LLEVAR A 10 EN EL TIMER PARA EJECUTAR
				LOS 50ms 10 VECES=500ms
   26:	  0026	75 89 01			MOV TMOD,#01H		;TIMER0 EN MODO 1 DE 16 BITS
   27:	  0029	75 8A B0			MOV TL0,#0B0H		;RECARGA INICIAL PARA CONTEO DE 0.5s
   28:	  002C	75 8C 3C			MOV TH0,#3CH		;RECARGA INICIAL PARA CONTEO DE 0.5s
   29:	  002F	75 88 11			MOV TCON,#11H		;EXTERNA0 POR FRENTE DESCENDENTE Y HABILITACION DEL TIMER0
   30:	  0032	74 FF				MOV A,#0FFH		;VALOR QUE SE LE ENVIARA AL PUERTO 2 EN EL TIMER = ENCENDIDO
				 DE LEDS
   31:	  0034	75 A8 81			MOV IE,#81H		;HABILITA LA INTERRUPCION GLOBAL Y LA EXTERNA 0
   32:	  0037	80 FE				JMP $
   33:
   34:						END





                     register banks used:  ---


ASEM-51 V1.3                                         Copyright (c) 2002 by W.W. Heinz                                         PAGE 2



                     no errors




ASEM-51 V1.3                                         Copyright (c) 2002 by W.W. Heinz                                         PAGE 3





	       L I S T   O F   S Y M B O L S
	       =============================


SYMBOL				  TYPE     VALUE	LINE
------------------------------------------------------------
??ASEM_51			  NUMBER    8051
??VERSION			  NUMBER    0130
AC				  BIT	      D6
ACC				  DATA	      E0
B				  DATA	      F0
CY				  BIT	      D7
DPH				  DATA	      83
DPL				  DATA	      82
EA				  BIT	      AF
ES				  BIT	      AC
ET0				  BIT	      A9
ET1				  BIT	      AB
EX0				  BIT	      A8
EX1				  BIT	      AA
EXTERNA0			  CODE	    000E	  10
EXTI0				  CODE	    0003
EXTI1				  CODE	    0013
F0				  BIT	      D5
IE				  DATA	      A8
IE0				  BIT	      89
IE1				  BIT	      8B
INT0				  BIT	      B2
INT1				  BIT	      B3
IP				  DATA	      B8
IT0				  BIT	      88
IT1				  BIT	      8A
OUT				  CODE	    001A	  19
OV				  BIT	      D2
P				  BIT	      D0
P0				  DATA	      80
P1				  DATA	      90
P2				  DATA	      A0
P3				  DATA	      B0
PCON				  DATA	      87
PS				  BIT	      BC
PSW				  DATA	      D0
PT0				  BIT	      B9
PT1				  BIT	      BB
PX0				  BIT	      B8
PX1				  BIT	      BA
RB8				  BIT	      9A
RD				  BIT	      B7
REN				  BIT	      9C
RESET				  CODE	    0000
RI				  BIT	      98
RS0				  BIT	      D3
RS1				  BIT	      D4
RXD				  BIT	      B0
SBUF				  DATA	      99
SCON				  DATA	      98

ASEM-51 V1.3                                         Copyright (c) 2002 by W.W. Heinz                                         PAGE 4



SYMBOL				  TYPE     VALUE	LINE
------------------------------------------------------------
SINT				  CODE	    0023
SM0				  BIT	      9F
SM1				  BIT	      9E
SM2				  BIT	      9D
SP				  DATA	      81
T0				  BIT	      B4
T1				  BIT	      B5
TB8				  BIT	      9B
TCON				  DATA	      88
TF0				  BIT	      8D
TF1				  BIT	      8F
TH0				  DATA	      8C
TH1				  DATA	      8D
TI				  BIT	      99
TIMER0				  CODE	    000B
TIMER1				  CODE	    001B
TL0				  DATA	      8A
TL1				  DATA	      8B
TMOD				  DATA	      89
TMR0				  CODE	    0011	  13
TR0				  BIT	      8C
TR1				  BIT	      8E
TXD				  BIT	      B1
WR				  BIT	      B6
_STARTUP			  CODE	    0021	  24
